[debug] [2021-10-31T16:13:00.221Z] ----------------------------------------------------------------------
[debug] [2021-10-31T16:13:00.227Z] Command:       C:\Program Files\node.exe C:\Users\acer 15\AppData\Roaming\npm\node_modules\firebase-tools\lib\bin\firebase.js init
[debug] [2021-10-31T16:13:00.228Z] CLI Version:   9.20.0
[debug] [2021-10-31T16:13:00.228Z] Platform:      win32
[debug] [2021-10-31T16:13:00.228Z] Node Version:  v16.10.0
[debug] [2021-10-31T16:13:00.230Z] Time:          Sun Oct 31 2021 22:13:00 GMT+0600 (Bangladesh Standard Time)
[debug] [2021-10-31T16:13:00.230Z] ----------------------------------------------------------------------
[debug] 
[debug] [2021-10-31T16:13:00.247Z] > command requires scopes: ["email","openid","https://www.googleapis.com/auth/cloudplatformprojects.readonly","https://www.googleapis.com/auth/firebase","https://www.googleapis.com/auth/cloud-platform"]
[debug] [2021-10-31T16:13:00.247Z] > authorizing via signed-in user (rayeemomayeer@gmail.com)
[info] 
     ######## #### ########  ######## ########     ###     ######  ########
     ##        ##  ##     ## ##       ##     ##  ##   ##  ##       ##
     ######    ##  ########  ######   ########  #########  ######  ######
     ##        ##  ##    ##  ##       ##     ## ##     ##       ## ##
     ##       #### ##     ## ######## ########  ##     ##  ######  ########

You're about to initialize a Firebase project in this directory:

  C:\Users\acer 15\Desktop\Programming\WebDevlopmentProgrammingHero\tourism-or-delivery-website-client-side

[info] 
=== Project Setup
[info] 
[info] First, let's associate this project directory with a Firebase project.
[info] You can create multiple project aliases by running firebase use --add, 
[info] but for now we'll just set up a default project.
[info] 
[debug] [2021-10-31T16:13:13.127Z] >>> [apiv2][query] GET https://firebase.googleapis.com/v1beta1/projects pageSize=100
[debug] [2021-10-31T16:13:43.129Z] Timeout reached making request to https://firebase.googleapis.com/v1beta1/projects?pageSize=100
[debug] [2021-10-31T16:13:43.159Z] FirebaseError: Timeout reached making request to https://firebase.googleapis.com/v1beta1/projects?pageSize=100
    at Client.doRequest (C:\Users\acer 15\AppData\Roaming\npm\node_modules\firebase-tools\lib\apiv2.js:209:23)
    at processTicksAndRejections (node:internal/process/task_queues:96:5)
    at async Client.request (C:\Users\acer 15\AppData\Roaming\npm\node_modules\firebase-tools\lib\apiv2.js:96:20)
    at async getProjectPage (C:\Users\acer 15\AppData\Roaming\npm\node_modules\firebase-tools\lib\management\projects.js:233:17)
    at async getFirebaseProjectPage (C:\Users\acer 15\AppData\Roaming\npm\node_modules\firebase-tools\lib\management\projects.js:250:23)
    at async selectProjectInteractively (C:\Users\acer 15\AppData\Roaming\npm\node_modules\firebase-tools\lib\management\projects.js:95:41)
    at async Object.doSetup [as project] (C:\Users\acer 15\AppData\Roaming\npm\node_modules\firebase-tools\lib\init\features\project.js:87:27)
    at async init (C:\Users\acer 15\AppData\Roaming\npm\node_modules\firebase-tools\lib\init\index.js:19:9)
[error] 
[error] Error: Failed to list Firebase projects. See firebase-debug.log for more info.
[debug] [2021-10-31T16:16:25.751Z] ----------------------------------------------------------------------
[debug] [2021-10-31T16:16:25.755Z] Command:       C:\Program Files\node.exe C:\Users\acer 15\AppData\Roaming\npm\node_modules\firebase-tools\lib\bin\firebase.js init
[debug] [2021-10-31T16:16:25.755Z] CLI Version:   9.20.0
[debug] [2021-10-31T16:16:25.755Z] Platform:      win32
[debug] [2021-10-31T16:16:25.756Z] Node Version:  v16.10.0
[debug] [2021-10-31T16:16:25.757Z] Time:          Sun Oct 31 2021 22:16:25 GMT+0600 (Bangladesh Standard Time)
[debug] [2021-10-31T16:16:25.757Z] ----------------------------------------------------------------------
[debug] 
[debug] [2021-10-31T16:16:25.770Z] > command requires scopes: ["email","openid","https://www.googleapis.com/auth/cloudplatformprojects.readonly","https://www.googleapis.com/auth/firebase","https://www.googleapis.com/auth/cloud-platform"]
[debug] [2021-10-31T16:16:25.770Z] > authorizing via signed-in user (rayeemomayeer@gmail.com)
[info] 
     ######## #### ########  ######## ########     ###     ######  ########
     ##        ##  ##     ## ##       ##     ##  ##   ##  ##       ##
     ######    ##  ########  ######   ########  #########  ######  ######
     ##        ##  ##    ##  ##       ##     ## ##     ##       ## ##
     ##       #### ##     ## ######## ########  ##     ##  ######  ########

You're about to initialize a Firebase project in this directory:

  C:\Users\acer 15\Desktop\Programming\WebDevlopmentProgrammingHero\tourism-or-delivery-website-client-side

[info] 
=== Project Setup
[info] 
[info] First, let's associate this project directory with a Firebase project.
[info] You can create multiple project aliases by running firebase use --add, 
[info] but for now we'll just set up a default project.
[info] 
[debug] [2021-10-31T16:16:49.902Z] >>> [apiv2][query] GET https://firebase.googleapis.com/v1beta1/projects pageSize=100
[debug] [2021-10-31T16:17:19.921Z] Timeout reached making request to https://firebase.googleapis.com/v1beta1/projects?pageSize=100
